<?xml version="1.0" encoding="UTF-8"?>
<!-- Generated by org.testng.reporters.JUnitXMLReporter -->
<testsuite ignored="0" hostname="DESKTOP-ER" failures="0" tests="2" name="Surefire test" time="69.6" errors="0" timestamp="2025-03-31T21:41:37 IST">
  <testcase classname="com.zoodel.generic_android.BaseClass" name="@BeforeMethod loginToTheApplication" time="30.398">
    <failure type="org.openqa.selenium.NoSuchElementException" message="An element could not be located on the page using the given search parameters.
For documentation on this error, please visit: https://www.selenium.dev/documentation/webdriver/troubleshooting/errors#no-such-element-exception
Build info: version: &amp;apos;4.27.0&amp;apos;, revision: &amp;apos;d6e718d134&amp;apos;
System info: os.name: &amp;apos;Windows 11&amp;apos;, os.arch: &amp;apos;amd64&amp;apos;, os.version: &amp;apos;10.0&amp;apos;, java.version: &amp;apos;22.0.2&amp;apos;
Driver info: io.appium.java_client.android.AndroidDriver
Command: [64876c68-694b-4dd7-aead-c080369fb6f0, findElement {using=xpath, value=//android.widget.TextView[@text=&amp;apos;Uzbekistan&amp;apos;]/..}]
Capabilities {appium:app: D:/Shashank Personal/Zood A..., appium:appPackage: com.zoodel.kz.staging_main, appium:autoGrantPermissions: true, appium:automationName: UiAutomator2, appium:databaseEnabled: false, appium:desired: {app: D:/Shashank Personal/Zood A..., autoGrantPermissions: true, automationName: UiAutomator2, noReset: false, platformName: ANDROID}, appium:deviceApiLevel: 34, appium:deviceManufacturer: samsung, appium:deviceModel: SM-M336BU, appium:deviceName: RZCTA152EMN, appium:deviceScreenDensity: 450, appium:deviceScreenSize: 1080x2408, appium:deviceUDID: RZCTA152EMN, appium:javascriptEnabled: true, appium:locationContextEnabled: false, appium:networkConnectionEnabled: true, appium:noReset: false, appium:pixelRatio: 2.8125, appium:platformVersion: 14, appium:statBarHeight: 68, appium:takesScreenshot: true, appium:viewportRect: {height: 2340, left: 0, top: 68, width: 1080}, appium:warnings: {}, appium:webStorageEnabled: false, platformName: ANDROID}
Session ID: 64876c68-694b-4dd7-aead-c080369fb6f0">
      <![CDATA[org.openqa.selenium.NoSuchElementException: An element could not be located on the page using the given search parameters.
For documentation on this error, please visit: https://www.selenium.dev/documentation/webdriver/troubleshooting/errors#no-such-element-exception
Build info: version: '4.27.0', revision: 'd6e718d134'
System info: os.name: 'Windows 11', os.arch: 'amd64', os.version: '10.0', java.version: '22.0.2'
Driver info: io.appium.java_client.android.AndroidDriver
Command: [64876c68-694b-4dd7-aead-c080369fb6f0, findElement {using=xpath, value=//android.widget.TextView[@text='Uzbekistan']/..}]
Capabilities {appium:app: D:/Shashank Personal/Zood A..., appium:appPackage: com.zoodel.kz.staging_main, appium:autoGrantPermissions: true, appium:automationName: UiAutomator2, appium:databaseEnabled: false, appium:desired: {app: D:/Shashank Personal/Zood A..., autoGrantPermissions: true, automationName: UiAutomator2, noReset: false, platformName: ANDROID}, appium:deviceApiLevel: 34, appium:deviceManufacturer: samsung, appium:deviceModel: SM-M336BU, appium:deviceName: RZCTA152EMN, appium:deviceScreenDensity: 450, appium:deviceScreenSize: 1080x2408, appium:deviceUDID: RZCTA152EMN, appium:javascriptEnabled: true, appium:locationContextEnabled: false, appium:networkConnectionEnabled: true, appium:noReset: false, appium:pixelRatio: 2.8125, appium:platformVersion: 14, appium:statBarHeight: 68, appium:takesScreenshot: true, appium:viewportRect: {height: 2340, left: 0, top: 68, width: 1080}, appium:warnings: {}, appium:webStorageEnabled: false, platformName: ANDROID}
Session ID: 64876c68-694b-4dd7-aead-c080369fb6f0
at org.openqa.selenium.remote.ErrorCodec.decode(ErrorCodec.java:167)
at org.openqa.selenium.remote.codec.w3c.W3CHttpResponseCodec.decode(W3CHttpResponseCodec.java:138)
at org.openqa.selenium.remote.codec.w3c.W3CHttpResponseCodec.decode(W3CHttpResponseCodec.java:50)
at org.openqa.selenium.remote.HttpCommandExecutor.execute(HttpCommandExecutor.java:190)
at io.appium.java_client.remote.AppiumCommandExecutor.execute(AppiumCommandExecutor.java:237)
at org.openqa.selenium.remote.RemoteWebDriver.execute(RemoteWebDriver.java:545)
at org.openqa.selenium.remote.ElementLocation$ElementFinder$2.findElement(ElementLocation.java:165)
at org.openqa.selenium.remote.ElementLocation.findElement(ElementLocation.java:59)
at org.openqa.selenium.remote.RemoteWebDriver.findElement(RemoteWebDriver.java:368)
at org.openqa.selenium.remote.RemoteWebDriver.findElement(RemoteWebDriver.java:362)
at com.zoodel.pom_android.CountryScreen.getCountryOption(CountryScreen.java:37)
at com.zoodel.StepGroup.StepGroup.loginToZoodApp(StepGroup.java:50)
at com.zoodel.generic_android.BaseClass.loginToTheApplication(BaseClass.java:24)
at java.base/java.util.ArrayList.forEach(ArrayList.java:1597)
... Removed 37 stack frames]]>
    </failure>
  </testcase> <!-- @BeforeMethod loginToTheApplication -->
  <testcase classname="com.zoodel.generic_android.BaseClass" name="@AfterMethod logoutFromTheApplication" time="0.0">
    <skipped/>
  </testcase> <!-- @AfterMethod logoutFromTheApplication -->
  <testcase classname="com.zoodel.generic_android.BaseClass" name="@AfterClass closeZoodApp" time="0.0">
    <skipped/>
  </testcase> <!-- @AfterClass closeZoodApp -->
  <testcase classname="Login.LoginToZoodAppTest" name="userAbleToLoginToZoodTest" time="0.006"/>
  <testcase classname="Login.LoginToZoodAppTest" name="userAbleToLoginToZoodTest2" time="0.001">
    <skipped/>
  </testcase> <!-- userAbleToLoginToZoodTest2 -->
</testsuite> <!-- Surefire test -->
