<?xml version="1.0" encoding="UTF-8"?>
<!-- Generated by org.testng.reporters.JUnitXMLReporter -->
<testsuite ignored="0" hostname="DESKTOP-ER" failures="0" tests="10" name="Default test" time="41.172" errors="0" timestamp="2025-04-13T17:11:54 IST">
  <testcase classname="Login.ParralerTest" name="laungoogle" time="7.201"/>
  <testcase classname="Login.ParralerTest" name="laungoogle10" time="4.277"/>
  <testcase classname="Login.ParralerTest" name="laungoogle2" time="4.165"/>
  <testcase classname="Login.ParralerTest" name="laungoogle3" time="3.355"/>
  <testcase classname="Login.ParralerTest" name="laungoogle4" time="3.983"/>
  <testcase classname="Login.ParralerTest" name="laungoogle5" time="3.392"/>
  <testcase classname="Login.ParralerTest" name="laungoogle6" time="3.937"/>
  <testcase classname="Login.ParralerTest" name="laungoogle7" time="3.546"/>
  <testcase classname="Login.ParralerTest" name="laungoogle8" time="3.403"/>
  <testcase classname="Login.ParralerTest" name="laungoogle9" time="3.805"/>
</testsuite> <!-- Default test -->
