<?xml version="1.0" encoding="UTF-8"?>
<!-- Generated by org.testng.reporters.JUnitXMLReporter -->
<testsuite ignored="8" hostname="DESKTOP-ER" failures="0" tests="2" name="Test" time="5.474" errors="0" timestamp="2025-04-13T17:19:21 IST">
  <testcase classname="Login.ParralerTest" name="laungoogle" time="5.353"/>
  <testcase classname="Login.ParralerTest" name="laungoogle2" time="5.38"/>
  <testcase classname="Login.ParralerTest" name="laungoogle10" time="0.0">
    <ignored/>
  </testcase> <!-- laungoogle10 -->
  <testcase classname="Login.ParralerTest" name="laungoogle3" time="0.0">
    <ignored/>
  </testcase> <!-- laungoogle3 -->
  <testcase classname="Login.ParralerTest" name="laungoogle4" time="0.0">
    <ignored/>
  </testcase> <!-- laungoogle4 -->
  <testcase classname="Login.ParralerTest" name="laungoogle5" time="0.0">
    <ignored/>
  </testcase> <!-- laungoogle5 -->
  <testcase classname="Login.ParralerTest" name="laungoogle6" time="0.0">
    <ignored/>
  </testcase> <!-- laungoogle6 -->
  <testcase classname="Login.ParralerTest" name="laungoogle7" time="0.0">
    <ignored/>
  </testcase> <!-- laungoogle7 -->
  <testcase classname="Login.ParralerTest" name="laungoogle8" time="0.0">
    <ignored/>
  </testcase> <!-- laungoogle8 -->
  <testcase classname="Login.ParralerTest" name="laungoogle9" time="0.0">
    <ignored/>
  </testcase> <!-- laungoogle9 -->
</testsuite> <!-- Test -->
