<?xml version="1.0" encoding="UTF-8"?>
<testng-results ignored="0" total="1" passed="1" failed="0" skipped="0">
  <reporter-output>
  </reporter-output>
  <suite started-at="2025-02-11T20:34:56 IST" name="Default suite" finished-at="2025-02-11T20:34:57 IST" duration-ms="130">
    <groups>
    </groups>
    <test started-at="2025-02-11T20:34:56 IST" name="Default test" finished-at="2025-02-11T20:34:57 IST" duration-ms="130">
      <class name="Login.test">
        <test-method signature="psvm()[pri:0, instance:Login.test@8f2ef19]" started-at="2025-02-11T20:34:57 IST" name="psvm" finished-at="2025-02-11T20:34:57 IST" duration-ms="22" status="PASS">
          <reporter-output>
          </reporter-output>
        </test-method> <!-- psvm -->
      </class> <!-- Login.test -->
    </test> <!-- Default test -->
  </suite> <!-- Default suite -->
</testng-results>
