<?xml version="1.0" encoding="UTF-8"?>
<testng-results ignored="0" total="1" passed="1" failed="0" skipped="0">
  <reporter-output>
  </reporter-output>
  <suite started-at="2025-02-20T23:54:32 IST" name="Default suite" finished-at="2025-02-20T23:54:48 IST" duration-ms="16244">
    <groups>
    </groups>
    <test started-at="2025-02-20T23:54:32 IST" name="Default test" finished-at="2025-02-20T23:54:48 IST" duration-ms="16244">
      <class name="Login.AmazonDataDriven">
        <test-method is-config="true" signature="openBrowserAndNavigateToAmazon(org.testng.ITestResult)[pri:0, instance:Login.AmazonDataDriven@3a7442c7]" started-at="2025-02-20T23:54:32 IST" name="openBrowserAndNavigateToAmazon" finished-at="2025-02-20T23:54:36 IST" duration-ms="3980" status="PASS">
          <params>
            <param index="0">
              <value>
                <![CDATA[[TestResult name={null} status=CREATED method=AmazonDataDriven.searchProduct()[pri:0, instance:Login.AmazonDataDriven@3a7442c7] output={null}]]]>
              </value>
            </param>
          </params>
          <reporter-output>
          </reporter-output>
        </test-method> <!-- openBrowserAndNavigateToAmazon -->
        <test-method signature="searchProduct()[pri:0, instance:Login.AmazonDataDriven@3a7442c7]" started-at="2025-02-20T23:54:36 IST" name="searchProduct" finished-at="2025-02-20T23:54:48 IST" duration-ms="11614" status="PASS">
          <reporter-output>
          </reporter-output>
        </test-method> <!-- searchProduct -->
      </class> <!-- Login.AmazonDataDriven -->
    </test> <!-- Default test -->
  </suite> <!-- Default suite -->
</testng-results>
